<?xml version="1.0" encoding="UTF-8"?>
<testng-results ignored="0" total="1" passed="1" failed="0" skipped="0">
  <reporter-output>
  </reporter-output>
  <suite started-at="2024-02-16T17:06:57 IST" name="Default suite" finished-at="2024-02-16T17:06:57 IST" duration-ms="79">
    <groups>
    </groups>
    <test started-at="2024-02-16T17:06:57 IST" name="Default test" finished-at="2024-02-16T17:06:57 IST" duration-ms="79">
      <class name="Stream1">
        <test-method signature="streamCollection()[pri:0, instance:Stream1@4efac082]" started-at="2024-02-16T17:06:57 IST" name="streamCollection" finished-at="2024-02-16T17:06:57 IST" duration-ms="21" status="PASS">
          <reporter-output>
          </reporter-output>
        </test-method> <!-- streamCollection -->
      </class> <!-- Stream1 -->
    </test> <!-- Default test -->
  </suite> <!-- Default suite -->
</testng-results>
