<?xml version="1.0" encoding="UTF-8"?>
<!-- Generated by org.testng.reporters.JUnitXMLReporter -->
<testsuite ignored="0" hostname="Akarshak" failures="1" tests="3" name="Error Validation" time="37.142" errors="0" timestamp="2024-03-13T17:15:02 IST">
  <testcase classname="RahulShethyAcademy.SeleniumFrameworkDesign.ErrorValidation" name="loginErrorValidation" time="0.752">
    <skipped/>
  </testcase> <!-- loginErrorValidation -->
  <testcase classname="RahulShethyAcademy.SeleniumFrameworkDesign.ErrorValidation" name="loginErrorValidation" time="0.505">
    <failure type="java.lang.AssertionError" message="expected [Incorrect email or password.] but found [Incorrects email or password.]">
      <![CDATA[java.lang.AssertionError: expected [Incorrect email or password.] but found [Incorrects email or password.]
at RahulShethyAcademy.SeleniumFrameworkDesign.ErrorValidation.loginErrorValidation(ErrorValidation.java:23)
at java.base/java.util.ArrayList.forEach(ArrayList.java:1511)
at java.base/java.util.concurrent.FutureTask.run(FutureTask.java:264)
at java.base/java.util.concurrent.ThreadPoolExecutor.runWorker(ThreadPoolExecutor.java:1136)
at java.base/java.util.concurrent.ThreadPoolExecutor$Worker.run(ThreadPoolExecutor.java:635)
at java.base/java.lang.Thread.run(Thread.java:833)
... Removed 23 stack frames]]>
    </failure>
  </testcase> <!-- loginErrorValidation -->
  <testcase classname="RahulShethyAcademy.SeleniumFrameworkDesign.ErrorValidation" name="productErrorValidation" time="3.281"/>
</testsuite> <!-- Error Validation -->
