<?xml version="1.0" encoding="UTF-8"?>
<!-- Generated by org.testng.reporters.JUnitXMLReporter -->
<testsuite ignored="0" hostname="Akarshak" failures="0" tests="3" name="Submit Test" time="48.558" errors="0" timestamp="2024-03-13T17:15:13 IST">
  <testcase classname="RahulShethyAcademy.SeleniumFrameworkDesign.StandAloneTest" name="submitOrder" time="13.524"/>
  <testcase classname="RahulShethyAcademy.SeleniumFrameworkDesign.StandAloneTest" name="submitOrder" time="11.201"/>
  <testcase classname="RahulShethyAcademy.SeleniumFrameworkDesign.StandAloneTest" name="orderHistoryValidation" time="2.234"/>
</testsuite> <!-- Submit Test -->
