<?xml version="1.0" encoding="UTF-8"?>
<!-- Generated by org.testng.reporters.JUnitXMLReporter -->
<testsuite ignored="1" hostname="Akarshak" failures="0" tests="2" name="Carloan" time="0.249" errors="0" timestamp="2024-03-05T11:50:25 IST">
  <testcase classname="Test.Test3" name="MobileLoginCarLoan" time="0.15"/>
  <testcase classname="Test.Test3" name="WebLoginCarLoan" time="0.008"/>
  <testcase classname="Test.Test3" name="APILoginCarLoan" time="0.0">
    <ignored/>
  </testcase> <!-- APILoginCarLoan -->
</testsuite> <!-- Carloan -->
