<?xml version="1.0" encoding="UTF-8"?>
<!-- Generated by org.testng.reporters.JUnitXMLReporter -->
<testsuite ignored="7" hostname="Akarshak" failures="0" tests="7" name="Personal loan" time="0.402" errors="0" timestamp="2024-03-05T11:50:25 IST">
  <testcase classname="Test.Test1" name="Demo" time="0.034"/>
  <testcase classname="Test.Test1" name="Demo2" time="0.011"/>
  <testcase classname="Test.Test2" name="Intro" time="0.003"/>
  <testcase classname="Test.Test4" name="APILoginHomeLoan" time="0.002"/>
  <testcase classname="Test.Test4" name="MobileLoginHomeLoan" time="0.006"/>
  <testcase classname="Test.Test4" name="MobileLoginHomeLoan" time="0.017"/>
  <testcase classname="Test.Test4" name="MobileLoginHomeLoan" time="0.003"/>
  <testcase classname="Test.Test2" name="DemoG" time="0.0">
    <ignored/>
  </testcase> <!-- DemoG -->
  <testcase classname="Test.Test2" name="DemoH" time="0.0">
    <ignored/>
  </testcase> <!-- DemoH -->
  <testcase classname="Test.Test4" name="WebLoginHomeLoan" time="0.0">
    <ignored/>
  </testcase> <!-- WebLoginHomeLoan -->
  <testcase classname="Test.Test2" name="DemoE" time="0.0">
    <ignored/>
  </testcase> <!-- DemoE -->
  <testcase classname="Test.Test2" name="DemoF" time="0.0">
    <ignored/>
  </testcase> <!-- DemoF -->
  <testcase classname="Test.Test2" name="Demo" time="0.0">
    <ignored/>
  </testcase> <!-- Demo -->
  <testcase classname="Test.Test2" name="DemoD" time="0.0">
    <ignored/>
  </testcase> <!-- DemoD -->
</testsuite> <!-- Personal loan -->
