<?xml version="1.0" encoding="UTF-8"?>
<!-- Generated by org.testng.reporters.JUnitXMLReporter -->
<testsuite ignored="1" hostname="Akarshak" failures="0" tests="1" name="Error Validation" time="14.707" errors="0" timestamp="20 Mar 2024 11:10:10 GMT">
  <testcase classname="RahulShethyAcademy.SeleniumFrameworkDesign.ErrorValidation" name="productErrorValidation" time="2.623"/>
  <testcase classname="RahulShethyAcademy.SeleniumFrameworkDesign.ErrorValidation" name="loginErrorValidation" time="0.0">
    <ignored/>
  </testcase> <!-- loginErrorValidation -->
</testsuite> <!-- Error Validation -->
