<?xml version="1.0" encoding="UTF-8"?>
<!-- Generated by org.testng.reporters.JUnitXMLReporter -->
<testsuite ignored="2" hostname="Akarshak" failures="0" tests="0" time="0.0" errors="0" timestamp="20 Mar 2024 11:09:56 GMT">
  <testcase classname="RahulShethyAcademy.SeleniumFrameworkDesign.StandAloneTest" name="submitOrder" time="0.0">
    <ignored/>
  </testcase> <!-- submitOrder -->
  <testcase classname="RahulShethyAcademy.SeleniumFrameworkDesign.StandAloneTest" name="orderHistoryValidation" time="0.0">
    <ignored/>
  </testcase> <!-- orderHistoryValidation -->
</testsuite>
