<?xml version="1.0" encoding="UTF-8"?>
<testng-results ignored="0" total="3" passed="3" failed="0" skipped="0">
  <reporter-output>
  </reporter-output>
  <suite started-at="2023-12-22T17:46:10 IST" name="Default suite" finished-at="2023-12-22T17:46:14 IST" duration-ms="4496">
    <groups>
    </groups>
    <test started-at="2023-12-22T17:46:10 IST" name="Default test" finished-at="2023-12-22T17:46:14 IST" duration-ms="4496">
      <class name="DynamicJson">
        <test-method signature="Book(java.lang.String,java.lang.String)[pri:0, instance:DynamicJson@bae7dc0]" started-at="2023-12-22T17:46:10 IST" name="Book" data-provider="BookData" finished-at="2023-12-22T17:46:13 IST" duration-ms="3286" status="PASS">
          <params>
            <param index="0">
              <value>
                <![CDATA[KrishnaBook]]>
              </value>
            </param>
            <param index="1">
              <value>
                <![CDATA[0009]]>
              </value>
            </param>
          </params>
          <reporter-output>
          </reporter-output>
        </test-method> <!-- Book -->
        <test-method signature="Book(java.lang.String,java.lang.String)[pri:0, instance:DynamicJson@bae7dc0]" started-at="2023-12-22T17:46:13 IST" name="Book" data-provider="BookData" finished-at="2023-12-22T17:46:13 IST" duration-ms="513" status="PASS">
          <params>
            <param index="0">
              <value>
                <![CDATA[Gita]]>
              </value>
            </param>
            <param index="1">
              <value>
                <![CDATA[1000]]>
              </value>
            </param>
          </params>
          <reporter-output>
          </reporter-output>
        </test-method> <!-- Book -->
        <test-method signature="Book(java.lang.String,java.lang.String)[pri:0, instance:DynamicJson@bae7dc0]" started-at="2023-12-22T17:46:13 IST" name="Book" data-provider="BookData" finished-at="2023-12-22T17:46:14 IST" duration-ms="611" status="PASS">
          <params>
            <param index="0">
              <value>
                <![CDATA[Ramayan]]>
              </value>
            </param>
            <param index="1">
              <value>
                <![CDATA[0001]]>
              </value>
            </param>
          </params>
          <reporter-output>
          </reporter-output>
        </test-method> <!-- Book -->
      </class> <!-- DynamicJson -->
    </test> <!-- Default test -->
  </suite> <!-- Default suite -->
</testng-results>
